2024-09-28 06:50:12,799 [INFO] Activator:176 - 


2024-09-28 06:50:12,804 [INFO] Activator:177 - !SESSION log4j initialized
2024-09-28 06:50:18,717 [INFO] LogOutputStream:77 - [STDOUT_REDIRECT] 
2024-09-28 06:50:19,825 [INFO] ApplicationProperties:184 - Using Application install path: /home/athul-muralidhar/st/stm32cubeide_1.15.1/plugins/com.st.stm32cube.common.mx_6.12.1.202409122256
2024-09-28 06:50:19,845 [INFO] DbMcusXml:78 - Set database path to: /home/athul-muralidhar/st/stm32cubeide_1.15.1/plugins/com.st.stm32cube.common.mx_6.12.1.202409122256//db//mcu/
2024-09-28 06:50:19,845 [INFO] ApiDb:274 - Set plugin database path to: /home/athul-muralidhar/st/stm32cubeide_1.15.1/plugins/com.st.stm32cube.common.mx_6.12.1.202409122256//db//plugins/boardmanager/
2024-09-28 06:50:19,845 [WARN] ApiDb:259 - Overriding images path with different value:  => /home/athul-muralidhar/st/stm32cubeide_1.15.1/plugins/com.st.stm32cube.common.mx_6.12.1.202409122256//db//plugins/mcufinder/images/
2024-09-28 06:50:19,854 [INFO] ApiDb:250 - Set database path to: /home/athul-muralidhar/.stmcufinder/plugins/mcufinder//mcu/
2024-09-28 06:50:19,855 [INFO] DbMcusAds:125 - Set database path to: /home/athul-muralidhar/.stmcufinder/plugins/mcufinder//mcu/
2024-09-28 06:50:19,858 [INFO] CrossReferenceDbSqlite:203 - Set database path to: /home/athul-muralidhar/.stmcufinder/plugins/mcufinder//mcu/cs/
2024-09-28 06:50:19,986 [INFO] RulesReader:64 - Compatibility file has been processed (297 Rules)
2024-09-28 06:50:20,067 [INFO] DbMcusXml:78 - Set database path to: /home/athul-muralidhar/st/stm32cubeide_1.15.1/plugins/com.st.stm32cube.common.mx_6.12.1.202409122256//db//mcu/
2024-09-28 06:50:20,067 [INFO] ApiDb:274 - Set plugin database path to: /home/athul-muralidhar/st/stm32cubeide_1.15.1/plugins/com.st.stm32cube.common.mx_6.12.1.202409122256//db//plugins/boardmanager/
2024-09-28 06:50:20,067 [INFO] ApiDb:261 - Set plugin images path to: /home/athul-muralidhar/st/stm32cubeide_1.15.1/plugins/com.st.stm32cube.common.mx_6.12.1.202409122256//db//plugins/mcufinder/images/
2024-09-28 06:50:20,068 [WARN] DbFile:41 - Overriding database path with different value: /home/athul-muralidhar/.stmcufinder/plugins/mcufinder/ => /home/athul-muralidhar/.stmcufinder/plugins/mcufinder
2024-09-28 06:50:20,068 [INFO] ApiDb:250 - Set database path to: /home/athul-muralidhar/.stmcufinder/plugins/mcufinder//mcu/
2024-09-28 06:50:20,068 [WARN] DbFile:41 - Overriding database path with different value: /home/athul-muralidhar/.stmcufinder/plugins/mcufinder/ => /home/athul-muralidhar/.stmcufinder/plugins/mcufinder
2024-09-28 06:50:20,068 [INFO] DbMcusAds:125 - Set database path to: /home/athul-muralidhar/.stmcufinder/plugins/mcufinder//mcu/
2024-09-28 06:50:20,068 [WARN] DbFile:41 - Overriding database path with different value: /home/athul-muralidhar/.stmcufinder/plugins/mcufinder/ => /home/athul-muralidhar/.stmcufinder/plugins/mcufinder
2024-09-28 06:50:20,069 [WARN] DbFile:41 - Overriding database path with different value: /home/athul-muralidhar/.stmcufinder/plugins/mcufinder/ => /home/athul-muralidhar/.stmcufinder/plugins/mcufinder
2024-09-28 06:50:20,069 [INFO] CrossReferenceDbSqlite:203 - Set database path to: /home/athul-muralidhar/.stmcufinder/plugins/mcufinder//mcu/cs/
2024-09-28 06:50:20,178 [INFO] MainPanel:268 - HeapMemory: 268435456
2024-09-28 06:50:20,320 [INFO] DbMcusXml:78 - Set database path to: /home/athul-muralidhar/st/stm32cubeide_1.15.1/plugins/com.st.stm32cube.common.mx_6.12.1.202409122256//db//mcu/
2024-09-28 06:50:20,321 [INFO] ApiDb:274 - Set plugin database path to: /home/athul-muralidhar/st/stm32cubeide_1.15.1/plugins/com.st.stm32cube.common.mx_6.12.1.202409122256//db//plugins/boardmanager/
2024-09-28 06:50:20,321 [INFO] ApiDb:261 - Set plugin images path to: /home/athul-muralidhar/st/stm32cubeide_1.15.1/plugins/com.st.stm32cube.common.mx_6.12.1.202409122256//db//plugins/mcufinder/images/
2024-09-28 06:50:20,322 [WARN] DbFile:41 - Overriding database path with different value: /home/athul-muralidhar/.stmcufinder/plugins/mcufinder/ => /home/athul-muralidhar/.stmcufinder/plugins/mcufinder
2024-09-28 06:50:20,322 [INFO] ApiDb:250 - Set database path to: /home/athul-muralidhar/.stmcufinder/plugins/mcufinder//mcu/
2024-09-28 06:50:20,322 [WARN] DbFile:41 - Overriding database path with different value: /home/athul-muralidhar/.stmcufinder/plugins/mcufinder/ => /home/athul-muralidhar/.stmcufinder/plugins/mcufinder
2024-09-28 06:50:20,322 [INFO] DbMcusAds:125 - Set database path to: /home/athul-muralidhar/.stmcufinder/plugins/mcufinder//mcu/
2024-09-28 06:50:20,322 [WARN] DbFile:41 - Overriding database path with different value: /home/athul-muralidhar/.stmcufinder/plugins/mcufinder/ => /home/athul-muralidhar/.stmcufinder/plugins/mcufinder
2024-09-28 06:50:20,322 [WARN] DbFile:41 - Overriding database path with different value: /home/athul-muralidhar/.stmcufinder/plugins/mcufinder/ => /home/athul-muralidhar/.stmcufinder/plugins/mcufinder
2024-09-28 06:50:20,322 [INFO] CrossReferenceDbSqlite:203 - Set database path to: /home/athul-muralidhar/.stmcufinder/plugins/mcufinder//mcu/cs/
2024-09-28 06:50:20,345 [INFO] ApplicationProperties:184 - Using Application install path: /home/athul-muralidhar/st/stm32cubeide_1.15.1/plugins/com.st.stm32cube.common.mx_6.12.1.202409122256
2024-09-28 06:50:20,347 [INFO] PluginManage:196 - Search for loadable plugins [exclusion list=, ]
2024-09-28 06:50:20,348 [INFO] PluginManage:310 - Check plugin analytics
2024-09-28 06:50:20,522 [INFO] AnalyticsPlugin:253 - Accepted Software Licenses: STM32CubeMX.6.11.1
2024-09-28 06:50:20,522 [INFO] AnalyticsPlugin:255 - Accepted CMSIS Pack Licenses: 
2024-09-28 06:50:20,522 [INFO] AnalyticsPlugin:257 - Accepted Firmware Licenses: FW.F4.1.28.0
2024-09-28 06:50:20,525 [INFO] PluginManage:359 - Loaded plugin analytics (category:tool,tabindex:-1)
2024-09-28 06:50:20,525 [INFO] PluginManage:310 - Check plugin cadmodel
2024-09-28 06:50:20,530 [INFO] CADModel:105 - Init CAD model plugin
2024-09-28 06:50:20,530 [INFO] PluginManage:359 - Loaded plugin cadmodel (category:power,tabindex:5)
2024-09-28 06:50:20,530 [INFO] PluginManage:310 - Check plugin clock
2024-09-28 06:50:20,540 [INFO] PluginManage:359 - Loaded plugin clock (category:base,tabindex:2)
2024-09-28 06:50:20,540 [INFO] PluginManage:310 - Check plugin ddr
2024-09-28 06:50:20,542 [INFO] PluginManage:359 - Loaded plugin ddr (category:tool,tabindex:6)
2024-09-28 06:50:20,543 [INFO] PluginManage:310 - Check plugin filemanager
2024-09-28 06:50:20,686 [INFO] PluginManage:359 - Loaded plugin filemanager (category:base,tabindex:10)
2024-09-28 06:50:20,687 [INFO] PluginManage:310 - Check plugin ipmanager
2024-09-28 06:50:20,693 [INFO] PluginManage:359 - Loaded plugin ipmanager (category:base,tabindex:5)
2024-09-28 06:50:20,693 [INFO] PluginManage:310 - Check plugin lpbam
2024-09-28 06:50:20,702 [INFO] PluginManage:359 - Loaded plugin lpbam (category:base,tabindex:0)
2024-09-28 06:50:20,702 [INFO] PluginManage:310 - Check plugin memorymap
2024-09-28 06:50:20,714 [INFO] PluginManage:359 - Loaded plugin memorymap (category:base,tabindex:4)
2024-09-28 06:50:20,714 [INFO] PluginManage:310 - Check plugin pinoutandconfiguration
2024-09-28 06:50:20,722 [INFO] PluginManage:359 - Loaded plugin pinoutandconfiguration (category:base,tabindex:1)
2024-09-28 06:50:20,722 [INFO] PluginManage:310 - Check plugin pinoutconfig
2024-09-28 06:50:20,804 [WARN] SupportedApi:132 - Cannot load RTOS API schema: s4s-elt-must-match.1: The content of 'definitions' must match (annotation?, (simpleType | complexType)?, (unique | key | keyref)*)). A problem was found starting at: attribute.
2024-09-28 06:50:20,938 [INFO] PluginManage:359 - Loaded plugin pinoutconfig (category:base,tabindex:0)
2024-09-28 06:50:20,939 [INFO] PluginManage:310 - Check plugin power
2024-09-28 06:50:20,947 [INFO] PluginManage:359 - Loaded plugin power (category:power,tabindex:4)
2024-09-28 06:50:20,948 [INFO] PluginManage:310 - Check plugin projectmanager
2024-09-28 06:50:20,965 [INFO] PluginManage:359 - Loaded plugin projectmanager (category:projectmanager,tabindex:4)
2024-09-28 06:50:20,965 [INFO] PluginManage:310 - Check plugin rif
2024-09-28 06:50:20,970 [INFO] PluginManage:359 - Loaded plugin rif (category:base,tabindex:3)
2024-09-28 06:50:20,971 [INFO] PluginManage:310 - Check plugin thirdparty
2024-09-28 06:50:21,082 [INFO] PluginManage:359 - Loaded plugin thirdparty (category:base,tabindex:-1)
2024-09-28 06:50:21,082 [WARN] IntegrityCheckThread:84 - waiting for thirdparty lock release [integrity check]
2024-09-28 06:50:21,082 [INFO] PluginManage:310 - Check plugin tools
2024-09-28 06:50:21,082 [INFO] IntegrityCheckThread:86 - entering critical section [integrity check]
2024-09-28 06:50:21,083 [INFO] ThirdPartyUpdaterWithRetryManager:70 - Updater plugin not ready yet. [1/15]
2024-09-28 06:50:21,084 [INFO] PluginManage:359 - Loaded plugin tools (category:base,tabindex:7)
2024-09-28 06:50:21,085 [INFO] PluginManage:310 - Check plugin tutovideos
2024-09-28 06:50:21,274 [INFO] PluginManage:359 - Loaded plugin tutovideos (category:base,tabindex:-1)
2024-09-28 06:50:21,274 [INFO] PluginManage:310 - Check plugin updater
2024-09-28 06:50:21,297 [INFO] PluginManage:359 - Loaded plugin updater (category:base,tabindex:12)
2024-09-28 06:50:21,297 [INFO] PluginManage:310 - Check plugin userauth
2024-09-28 06:50:21,303 [INFO] UserAuth:113 - Init User Auth plugin
2024-09-28 06:50:21,303 [INFO] PluginManage:359 - Loaded plugin userauth (category:base,tabindex:14)
2024-09-28 06:50:21,304 [INFO] PluginManage:283 - PluginManage : Loaded plugins [18]
2024-09-28 06:50:21,488 [INFO] PinOutPanel:1561 - setPackage(No Configuration,No Configuration)
2024-09-28 06:50:21,571 [INFO] CADModel:165 - CPN selected for project level
2024-09-28 06:50:21,571 [INFO] CADModel:114 - Register for checkConnection events
2024-09-28 06:50:21,585 [INFO] IPUIPlugin:80 - create IPUIPlugin
2024-09-28 06:50:21,585 [INFO] PluginManager:220 - loadIPPluginJar : add linkedlist
2024-09-28 06:50:21,588 [INFO] IPUIPlugin:80 - create IPUIPlugin
2024-09-28 06:50:21,588 [INFO] PluginManager:220 - loadIPPluginJar : add fatfs
2024-09-28 06:50:21,590 [INFO] IPUIPlugin:80 - create IPUIPlugin
2024-09-28 06:50:21,590 [INFO] PluginManager:220 - loadIPPluginJar : add tracer_emb
2024-09-28 06:50:21,599 [INFO] IPUIPlugin:80 - create IPUIPlugin
2024-09-28 06:50:21,599 [INFO] PluginManager:220 - loadIPPluginJar : add stm32_wpan
2024-09-28 06:50:21,602 [INFO] IPUIPlugin:80 - create IPUIPlugin
2024-09-28 06:50:21,602 [INFO] PluginManager:220 - loadIPPluginJar : add touchsensing
2024-09-28 06:50:21,604 [INFO] IPUIPlugin:80 - create IPUIPlugin
2024-09-28 06:50:21,605 [INFO] PluginManager:220 - loadIPPluginJar : add i2s
2024-09-28 06:50:21,607 [INFO] IPUIPlugin:80 - create IPUIPlugin
2024-09-28 06:50:21,607 [INFO] PluginManager:220 - loadIPPluginJar : add dfsdm
2024-09-28 06:50:21,610 [INFO] IPUIPlugin:80 - create IPUIPlugin
2024-09-28 06:50:21,610 [INFO] PluginManager:220 - loadIPPluginJar : add resmgrutility
2024-09-28 06:50:21,612 [INFO] IPUIPlugin:80 - create IPUIPlugin
2024-09-28 06:50:21,612 [INFO] PluginManager:220 - loadIPPluginJar : add pdm2pcm
2024-09-28 06:50:21,614 [INFO] IPUIPlugin:80 - create IPUIPlugin
2024-09-28 06:50:21,614 [INFO] PluginManager:220 - loadIPPluginJar : add tim
2024-09-28 06:50:21,616 [INFO] IPUIPlugin:80 - create IPUIPlugin
2024-09-28 06:50:21,616 [INFO] PluginManager:220 - loadIPPluginJar : add lorawan
2024-09-28 06:50:21,620 [INFO] IPUIPlugin:80 - create IPUIPlugin
2024-09-28 06:50:21,620 [INFO] PluginManager:220 - loadIPPluginJar : add fmc
2024-09-28 06:50:21,622 [INFO] IPUIPlugin:80 - create IPUIPlugin
2024-09-28 06:50:21,622 [INFO] PluginManager:220 - loadIPPluginJar : add can
2024-09-28 06:50:21,624 [INFO] IPUIPlugin:80 - create IPUIPlugin
2024-09-28 06:50:21,624 [INFO] PluginManager:220 - loadIPPluginJar : add usbx
2024-09-28 06:50:21,625 [INFO] IPUIPlugin:80 - create IPUIPlugin
2024-09-28 06:50:21,626 [INFO] PluginManager:220 - loadIPPluginJar : add ltdc
2024-09-28 06:50:21,627 [INFO] IPUIPlugin:80 - create IPUIPlugin
2024-09-28 06:50:21,627 [INFO] PluginManager:220 - loadIPPluginJar : add ts
2024-09-28 06:50:21,629 [INFO] IPUIPlugin:80 - create IPUIPlugin
2024-09-28 06:50:21,629 [INFO] PluginManager:220 - loadIPPluginJar : add openamp
2024-09-28 06:50:21,631 [INFO] IPUIPlugin:80 - create IPUIPlugin
2024-09-28 06:50:21,631 [INFO] PluginManager:220 - loadIPPluginJar : add tsc
2024-09-28 06:50:21,633 [INFO] IPUIPlugin:80 - create IPUIPlugin
2024-09-28 06:50:21,633 [INFO] PluginManager:220 - loadIPPluginJar : add i2c
2024-09-28 06:50:21,634 [INFO] IPUIPlugin:80 - create IPUIPlugin
2024-09-28 06:50:21,634 [INFO] PluginManager:220 - loadIPPluginJar : add genericplugin
2024-09-28 06:50:21,636 [INFO] IPUIPlugin:80 - create IPUIPlugin
2024-09-28 06:50:21,636 [INFO] PluginManager:220 - loadIPPluginJar : add spi
2024-09-28 06:50:21,639 [INFO] IPUIPlugin:80 - create IPUIPlugin
2024-09-28 06:50:21,640 [INFO] PluginManager:220 - loadIPPluginJar : add nvic
2024-09-28 06:50:21,641 [INFO] IPUIPlugin:80 - create IPUIPlugin
2024-09-28 06:50:21,642 [INFO] PluginManager:220 - loadIPPluginJar : add ucpd
2024-09-28 06:50:21,646 [INFO] IPUIPlugin:80 - create IPUIPlugin
2024-09-28 06:50:21,646 [INFO] PluginManager:220 - loadIPPluginJar : add gic
2024-09-28 06:50:21,648 [INFO] IPUIPlugin:80 - create IPUIPlugin
2024-09-28 06:50:21,648 [INFO] PluginManager:220 - loadIPPluginJar : add dma3
2024-09-28 06:50:21,650 [INFO] IPUIPlugin:80 - create IPUIPlugin
2024-09-28 06:50:21,652 [INFO] PluginManager:220 - loadIPPluginJar : add radio
2024-09-28 06:50:21,657 [INFO] IPUIPlugin:80 - create IPUIPlugin
2024-09-28 06:50:21,657 [INFO] PluginManager:220 - loadIPPluginJar : add adc
2024-09-28 06:50:21,662 [INFO] IPUIPlugin:80 - create IPUIPlugin
2024-09-28 06:50:21,663 [INFO] PluginManager:220 - loadIPPluginJar : add mdma
2024-09-28 06:50:21,665 [INFO] IPUIPlugin:80 - create IPUIPlugin
2024-09-28 06:50:21,665 [INFO] PluginManager:220 - loadIPPluginJar : add gtzc
2024-09-28 06:50:21,666 [INFO] IPUIPlugin:80 - create IPUIPlugin
2024-09-28 06:50:21,667 [INFO] PluginManager:220 - loadIPPluginJar : add quadspi
2024-09-28 06:50:21,669 [INFO] IPUIPlugin:80 - create IPUIPlugin
2024-09-28 06:50:21,669 [INFO] PluginManager:220 - loadIPPluginJar : add extmemmanager
2024-09-28 06:50:21,671 [INFO] IPUIPlugin:80 - create IPUIPlugin
2024-09-28 06:50:21,671 [INFO] PluginManager:220 - loadIPPluginJar : add usart
2024-09-28 06:50:21,674 [INFO] IPUIPlugin:80 - create IPUIPlugin
2024-09-28 06:50:21,674 [INFO] PluginManager:220 - loadIPPluginJar : add opamp
2024-09-28 06:50:21,676 [INFO] IPUIPlugin:80 - create IPUIPlugin
2024-09-28 06:50:21,676 [INFO] PluginManager:220 - loadIPPluginJar : add i3c
2024-09-28 06:50:21,682 [INFO] IPUIPlugin:80 - create IPUIPlugin
2024-09-28 06:50:21,684 [INFO] PluginManager:220 - loadIPPluginJar : add plateformsettings
2024-09-28 06:50:21,687 [INFO] IPUIPlugin:80 - create IPUIPlugin
2024-09-28 06:50:21,687 [INFO] PluginManager:220 - loadIPPluginJar : add ipddr
2024-09-28 06:50:21,690 [INFO] IPUIPlugin:80 - create IPUIPlugin
2024-09-28 06:50:21,690 [INFO] PluginManager:220 - loadIPPluginJar : add sai
2024-09-28 06:50:21,691 [INFO] IPUIPlugin:80 - create IPUIPlugin
2024-09-28 06:50:21,691 [INFO] PluginManager:220 - loadIPPluginJar : add comp
2024-09-28 06:50:21,693 [INFO] IPUIPlugin:80 - create IPUIPlugin
2024-09-28 06:50:21,693 [INFO] PluginManager:220 - loadIPPluginJar : add hash
2024-09-28 06:50:21,698 [INFO] IPUIPlugin:80 - create IPUIPlugin
2024-09-28 06:50:21,698 [INFO] PluginManager:220 - loadIPPluginJar : add dma
2024-09-28 06:50:21,700 [INFO] IPUIPlugin:80 - create IPUIPlugin
2024-09-28 06:50:21,700 [INFO] PluginManager:220 - loadIPPluginJar : add ddr_ctrl_phy
2024-09-28 06:50:21,702 [INFO] IPUIPlugin:80 - create IPUIPlugin
2024-09-28 06:50:21,702 [INFO] PluginManager:220 - loadIPPluginJar : add aes
2024-09-28 06:50:21,707 [INFO] IPUIPlugin:80 - create IPUIPlugin
2024-09-28 06:50:21,707 [INFO] PluginManager:220 - loadIPPluginJar : add freertos
2024-09-28 06:50:21,710 [INFO] IPUIPlugin:80 - create IPUIPlugin
2024-09-28 06:50:21,711 [INFO] PluginManager:220 - loadIPPluginJar : add gpio
2024-09-28 06:50:21,712 [INFO] IPUIPlugin:80 - create IPUIPlugin
2024-09-28 06:50:21,712 [INFO] PluginManager:220 - loadIPPluginJar : add cryp
2024-09-28 06:50:21,714 [INFO] IPUIPlugin:80 - create IPUIPlugin
2024-09-28 06:50:21,714 [INFO] PluginManager:220 - loadIPPluginJar : add gfxmmu
2024-09-28 06:50:21,819 [INFO] CADModel:165 - CPN selected for project level
2024-09-28 06:50:21,819 [INFO] CADModel:114 - Register for checkConnection events
2024-09-28 06:50:21,820 [FATAL] Updater:334 - Updater called before beeing initialized
2024-09-28 06:50:21,820 [ERROR] CADModel:125 - Updater not yet initialized, retry later 
2024-09-28 06:50:21,954 [INFO] CADModel:165 - CPN selected for project level
2024-09-28 06:50:21,954 [INFO] CADModel:114 - Register for checkConnection events
2024-09-28 06:50:21,954 [FATAL] Updater:334 - Updater called before beeing initialized
2024-09-28 06:50:21,954 [ERROR] CADModel:125 - Updater not yet initialized, retry later 
2024-09-28 06:50:21,957 [FATAL] Updater:334 - Updater called before beeing initialized
2024-09-28 06:50:22,045 [FATAL] Updater:334 - Updater called before beeing initialized
2024-09-28 06:50:22,050 [INFO] DbMcusAds:53 - JSON generation date=Fri Sep 20 15:04:23 CEST 2024 (1726837463113)
2024-09-28 06:50:22,050 [FATAL] Updater:334 - Updater called before beeing initialized
2024-09-28 06:50:22,093 [WARN] DetailPanel:346 - Failed to get advertising image, set to default
2024-09-28 06:50:22,217 [FATAL] Updater:334 - Updater called before beeing initialized
2024-09-28 06:50:22,219 [FATAL] Updater:334 - Updater called before beeing initialized
2024-09-28 06:50:22,219 [FATAL] Updater:334 - Updater called before beeing initialized
2024-09-28 06:50:22,219 [WARN] DetailPanel:346 - Failed to get advertising image, set to default
2024-09-28 06:50:22,220 [FATAL] Updater:334 - Updater called before beeing initialized
2024-09-28 06:50:22,263 [ERROR] Updater:1164 - MainUpdater not yet initialized. External WinMGr cannot be set.
2024-09-28 06:50:22,265 [INFO] Updater:1100 - Updater Version found : 6.12.1
2024-09-28 06:50:22,284 [INFO] ApplicationProperties:184 - Using Application install path: /home/athul-muralidhar/st/stm32cubeide_1.15.1/plugins/com.st.stm32cube.common.mx_6.12.1.202409122256
2024-09-28 06:50:23,942 [INFO] MainUpdater:2873 - connection check result : 10
2024-09-28 06:50:23,942 [INFO] MainUpdater:290 - Updater Check For Update Now.
2024-09-28 06:50:23,943 [INFO] MicroXplorer:498 - Change Database Version : DB.6.0.121
2024-09-28 06:50:23,954 [INFO] McuFinderGlobals:63 - Set McuFinder mode to 2 (CubeIDE integrated)
2024-09-28 06:50:23,959 [INFO] UserAuth:417 - Internet connection configuration mode: 1
2024-09-28 06:50:23,976 [INFO] JxBrowserEngine:152 - Initiate JxBrowser Engine with user profile folder
2024-09-28 06:50:24,083 [WARN] MainUpdater:1194 - Updater busy. Cannot search thirdparties
2024-09-28 06:50:24,084 [INFO] ThirdPartyUpdaterWithRetryManager:96 - Updater plugin is busy. [1/15]
2024-09-28 06:50:24,135 [INFO] CheckServerUpdateThread:120 - End of CheckServer Thread
2024-09-28 06:50:25,007 [INFO] WebApp:167 - Instantiating new browser for Auth
2024-09-28 06:50:25,960 [INFO] WebApp:448 - Apply proxy settings
2024-09-28 06:50:25,960 [INFO] WebApp:533 - Chromium requires no authentication
2024-09-28 06:50:25,969 [INFO] WebApp:476 - Direct internet connection detected
2024-09-28 06:50:25,998 [INFO] WebApp:869 - Register for checkConnection events
2024-09-28 06:50:25,998 [INFO] WebApp:448 - Apply proxy settings
2024-09-28 06:50:25,998 [INFO] WebApp:533 - Chromium requires no authentication
2024-09-28 06:50:25,999 [INFO] WebApp:476 - Direct internet connection detected
2024-09-28 06:50:26,152 [INFO] WebApp:220 - Starting web application
2024-09-28 06:50:26,153 [INFO] WebApp:578 - Web application path used /home/athul-muralidhar/st/stm32cubeide_1.15.1/plugins/com.st.stm32cube.common.mx_6.12.1.202409122256/db/plugins/mcufinder/reactClient1/index.html
2024-09-28 06:50:26,280 [INFO] UserAuth:417 - Internet connection configuration mode: 1
2024-09-28 06:50:27,244 [WARN] PackLoader:240 - Cannot read IP mode file for STMicroelectronics.FP-SNS-MOTENVWB1.1.4.0
2024-09-28 06:50:27,255 [WARN] PackLoader:240 - Cannot read IP mode file for STMicroelectronics.X-CUBE-SMBUS.2.1.0
2024-09-28 06:50:27,260 [WARN] PackLoader:240 - Cannot read IP mode file for STMicroelectronics.X-CUBE-TOUCHGFX.4.23.2
2024-09-28 06:50:27,301 [WARN] PackLoader:240 - Cannot read IP mode file for STMicroelectronics.X-CUBE-AZRTOS-F7.1.1.0
2024-09-28 06:50:27,317 [INFO] WebApp:186 - Connection restablished
2024-09-28 06:50:27,397 [WARN] PackLoader:240 - Cannot read IP mode file for STMicroelectronics.X-CUBE-MEMS1.11.0.0
2024-09-28 06:50:27,647 [WARN] PackLoader:240 - Cannot read IP mode file for STMicroelectronics.FP-SNS-FLIGHT1.5.0.2
2024-09-28 06:50:27,663 [WARN] PackLoader:240 - Cannot read IP mode file for STMicroelectronics.X-CUBE-DISPLAY.3.0.0
2024-09-28 06:50:27,677 [WARN] PackLoader:240 - Cannot read IP mode file for STMicroelectronics.X-CUBE-BLE1.7.0.0
2024-09-28 06:50:27,688 [WARN] PackLoader:240 - Cannot read IP mode file for STMicroelectronics.X-CUBE-NFC10.1.0.0
2024-09-28 06:50:27,698 [WARN] PackLoader:240 - Cannot read IP mode file for emotas.I-CUBE-CANOPEN.1.3.0
2024-09-28 06:50:27,713 [WARN] PackLoader:240 - Cannot read IP mode file for STMicroelectronics.X-CUBE-BLEMGR.3.1.0
2024-09-28 06:50:27,721 [WARN] PackLoader:240 - Cannot read IP mode file for STMicroelectronics.FP-SNS-SMARTAG2.1.2.0
2024-09-28 06:50:27,735 [INFO] LogOutputStream:77 - [STDOUT_REDIRECT] 1 : Invalid condition id : UX_CORESTACK_Condition cause : null
2024-09-28 06:50:27,737 [INFO] LogOutputStream:77 - [STDOUT_REDIRECT] 1 : Invalid condition id : UX_CORESTACK_Condition cause : null
2024-09-28 06:50:27,737 [INFO] LogOutputStream:77 - [STDOUT_REDIRECT] 1 : Invalid condition id : UX_CORESTACK_Condition cause : null
2024-09-28 06:50:27,738 [INFO] LogOutputStream:77 - [STDOUT_REDIRECT] 1 : Invalid condition id : UX_CORESTACK_Condition cause : null
2024-09-28 06:50:27,738 [INFO] LogOutputStream:77 - [STDOUT_REDIRECT] 1 : Invalid condition id : UX_CORESTACK_Condition cause : null
2024-09-28 06:50:27,744 [WARN] PackLoader:240 - Cannot read IP mode file for STMicroelectronics.X-CUBE-AZRTOS-WL.2.0.0
2024-09-28 06:50:27,753 [WARN] PackLoader:240 - Cannot read IP mode file for STMicroelectronics.FP-SNS-MOTENV1.5.0.0
2024-09-28 06:50:27,759 [WARN] PackLoader:240 - Cannot read IP mode file for wolfSSL.I-CUBE-wolfMQTT.1.19.0
2024-09-28 06:50:27,773 [WARN] PackLoader:240 - Cannot read IP mode file for WES.I-CUBE-Cesium.1.3.0
2024-09-28 06:50:27,779 [WARN] PackLoader:240 - Cannot read IP mode file for STMicroelectronics.X-CUBE-BLE2.3.3.0
2024-09-28 06:50:27,787 [WARN] PackLoader:240 - Cannot read IP mode file for STMicroelectronics.X-CUBE-NFC9.1.0.0
2024-09-28 06:50:27,798 [WARN] PackLoader:240 - Cannot read IP mode file for STMicroelectronics.X-CUBE-TCPP.4.1.0
2024-09-28 06:50:27,825 [WARN] PackLoader:240 - Cannot read IP mode file for STMicroelectronics.X-CUBE-AZRTOS-G0.1.1.0
2024-09-28 06:50:27,835 [WARN] PackLoader:240 - Cannot read IP mode file for STMicroelectronics.X-CUBE-SAFEA1.1.2.2
2024-09-28 06:50:27,844 [WARN] PackLoader:240 - Cannot read IP mode file for STMicroelectronics.X-CUBE-NFC4.3.0.0
2024-09-28 06:50:27,860 [WARN] PackLoader:240 - Cannot read IP mode file for EmbeddedOffice.I-CUBE-FS-RTOS.1.0.1
2024-09-28 06:50:27,860 [ERROR] ConditionMgr:805 - Attr not supported : Dmpu
2024-09-28 06:50:27,861 [ERROR] ConditionMgr:805 - Attr not supported : Dmpu
2024-09-28 06:50:27,861 [ERROR] ConditionMgr:805 - Attr not supported : Dmpu
2024-09-28 06:50:27,861 [ERROR] ConditionMgr:805 - Attr not supported : Dmpu
2024-09-28 06:50:27,861 [ERROR] ConditionMgr:805 - Attr not supported : Dmpu
2024-09-28 06:50:27,861 [ERROR] ConditionMgr:805 - Attr not supported : Dmpu
2024-09-28 06:50:27,862 [ERROR] ConditionMgr:805 - Attr not supported : Dmpu
2024-09-28 06:50:27,862 [ERROR] ConditionMgr:805 - Attr not supported : Dmpu
2024-09-28 06:50:27,862 [ERROR] ConditionMgr:805 - Attr not supported : Dmpu
2024-09-28 06:50:27,862 [ERROR] ConditionMgr:805 - Attr not supported : Dmpu
2024-09-28 06:50:27,862 [ERROR] ConditionMgr:805 - Attr not supported : Dmpu
2024-09-28 06:50:27,862 [ERROR] ConditionMgr:805 - Attr not supported : Dmpu
2024-09-28 06:50:27,863 [ERROR] ConditionMgr:805 - Attr not supported : Dmpu
2024-09-28 06:50:27,863 [ERROR] ConditionMgr:805 - Attr not supported : Dmpu
2024-09-28 06:50:27,863 [ERROR] ConditionMgr:805 - Attr not supported : Dmpu
2024-09-28 06:50:27,863 [ERROR] ConditionMgr:805 - Attr not supported : Dmpu
2024-09-28 06:50:27,863 [ERROR] ConditionMgr:805 - Attr not supported : Dmpu
2024-09-28 06:50:27,864 [ERROR] ConditionMgr:805 - Attr not supported : Dmpu
2024-09-28 06:50:27,864 [ERROR] ConditionMgr:805 - Attr not supported : Dmpu
2024-09-28 06:50:27,864 [ERROR] ConditionMgr:805 - Attr not supported : Dmpu
2024-09-28 06:50:27,864 [ERROR] ConditionMgr:805 - Attr not supported : Dmpu
2024-09-28 06:50:27,864 [ERROR] ConditionMgr:805 - Attr not supported : Dmpu
2024-09-28 06:50:27,864 [ERROR] ConditionMgr:805 - Attr not supported : Dmpu
2024-09-28 06:50:27,865 [ERROR] ConditionMgr:805 - Attr not supported : Dmpu
2024-09-28 06:50:27,865 [ERROR] ConditionMgr:805 - Attr not supported : Dmpu
2024-09-28 06:50:27,865 [ERROR] ConditionMgr:805 - Attr not supported : Dmpu
2024-09-28 06:50:27,865 [ERROR] ConditionMgr:805 - Attr not supported : Dmpu
2024-09-28 06:50:27,865 [ERROR] ConditionMgr:805 - Attr not supported : Dmpu
2024-09-28 06:50:27,865 [ERROR] ConditionMgr:805 - Attr not supported : Dmpu
2024-09-28 06:50:27,865 [ERROR] ConditionMgr:805 - Attr not supported : Dmpu
2024-09-28 06:50:27,866 [ERROR] ConditionMgr:805 - Attr not supported : Dmpu
2024-09-28 06:50:27,866 [ERROR] ConditionMgr:805 - Attr not supported : Dmpu
2024-09-28 06:50:27,866 [ERROR] ConditionMgr:805 - Attr not supported : Dmpu
2024-09-28 06:50:27,866 [ERROR] ConditionMgr:805 - Attr not supported : Dmpu
2024-09-28 06:50:27,866 [ERROR] ConditionMgr:805 - Attr not supported : Dmpu
2024-09-28 06:50:27,866 [ERROR] ConditionMgr:805 - Attr not supported : Dmpu
2024-09-28 06:50:27,866 [ERROR] ConditionMgr:805 - Attr not supported : Dmpu
2024-09-28 06:50:27,866 [ERROR] ConditionMgr:805 - Attr not supported : Dmpu
2024-09-28 06:50:27,867 [ERROR] ConditionMgr:805 - Attr not supported : Dmpu
2024-09-28 06:50:27,867 [ERROR] ConditionMgr:805 - Attr not supported : Dmpu
2024-09-28 06:50:27,867 [ERROR] ConditionMgr:805 - Attr not supported : Dmpu
2024-09-28 06:50:27,867 [ERROR] ConditionMgr:805 - Attr not supported : Dmpu
2024-09-28 06:50:27,867 [ERROR] ConditionMgr:805 - Attr not supported : Dmpu
2024-09-28 06:50:27,867 [ERROR] ConditionMgr:805 - Attr not supported : Dmpu
2024-09-28 06:50:27,867 [ERROR] ConditionMgr:805 - Attr not supported : Dmpu
2024-09-28 06:50:27,867 [ERROR] ConditionMgr:805 - Attr not supported : Dmpu
2024-09-28 06:50:27,868 [ERROR] ConditionMgr:805 - Attr not supported : Dmpu
2024-09-28 06:50:27,868 [ERROR] ConditionMgr:805 - Attr not supported : Dmpu
2024-09-28 06:50:27,868 [ERROR] ConditionMgr:805 - Attr not supported : Dmpu
2024-09-28 06:50:27,868 [ERROR] ConditionMgr:805 - Attr not supported : Dmpu
2024-09-28 06:50:27,868 [ERROR] ConditionMgr:805 - Attr not supported : Dmpu
2024-09-28 06:50:27,868 [ERROR] ConditionMgr:805 - Attr not supported : Dmpu
2024-09-28 06:50:27,868 [ERROR] ConditionMgr:805 - Attr not supported : Dmpu
2024-09-28 06:50:27,869 [ERROR] ConditionMgr:805 - Attr not supported : Dmpu
2024-09-28 06:50:27,869 [ERROR] ConditionMgr:805 - Attr not supported : Dmpu
2024-09-28 06:50:27,869 [ERROR] ConditionMgr:805 - Attr not supported : Dmpu
2024-09-28 06:50:27,869 [ERROR] ConditionMgr:805 - Attr not supported : Dmpu
2024-09-28 06:50:27,869 [ERROR] ConditionMgr:805 - Attr not supported : Dmpu
2024-09-28 06:50:27,869 [ERROR] ConditionMgr:805 - Attr not supported : Dmpu
2024-09-28 06:50:27,869 [ERROR] ConditionMgr:805 - Attr not supported : Dmpu
2024-09-28 06:50:27,870 [ERROR] ConditionMgr:805 - Attr not supported : Dmpu
2024-09-28 06:50:27,870 [ERROR] ConditionMgr:805 - Attr not supported : Dmpu
2024-09-28 06:50:27,870 [ERROR] ConditionMgr:805 - Attr not supported : Dmpu
2024-09-28 06:50:27,870 [ERROR] ConditionMgr:805 - Attr not supported : Dmpu
2024-09-28 06:50:27,875 [WARN] PackLoader:240 - Cannot read IP mode file for RealThread.X-CUBE-RT-Thread_Nano.4.1.1
2024-09-28 06:50:27,880 [WARN] PackLoader:240 - Cannot read IP mode file for wolfSSL.I-CUBE-wolfSSL.5.7.0
2024-09-28 06:50:27,885 [WARN] PackLoader:240 - Cannot read IP mode file for STMicroelectronics.FP-ATR-SIGFOX1.3.2.0
2024-09-28 06:50:27,894 [WARN] PackLoader:240 - Cannot read IP mode file for STMicroelectronics.X-CUBE-EEPRMA1.5.1.0
2024-09-28 06:50:27,904 [WARN] PackLoader:240 - Cannot read IP mode file for ITTIA_DB.I-CUBE-ITTIADB.8.9.0
2024-09-28 06:50:27,948 [WARN] PackLoader:240 - Cannot read IP mode file for SEGGER.I-CUBE-embOS.1.3.1
2024-09-28 06:50:28,013 [WARN] PackLoader:240 - Cannot read IP mode file for STMicroelectronics.X-CUBE-ALGOBUILD.1.4.0
2024-09-28 06:50:28,021 [WARN] PackLoader:240 - Cannot read IP mode file for STMicroelectronics.X-CUBE-GNSS1.6.0.0
2024-09-28 06:50:28,045 [WARN] PackLoader:240 - Cannot read IP mode file for STMicroelectronics.X-CUBE-AZRTOS-F4.1.1.0
2024-09-28 06:50:28,054 [WARN] PackLoader:240 - Cannot read IP mode file for STMicroelectronics.X-CUBE-ISPU.2.1.0
2024-09-28 06:50:28,060 [WARN] PackLoader:240 - Cannot read IP mode file for STMicroelectronics.X-CUBE-FREERTOS.1.2.0
2024-09-28 06:50:28,086 [WARN] PackLoader:240 - Cannot read IP mode file for STMicroelectronics.X-CUBE-AZRTOS-L5.2.0.0
2024-09-28 06:50:28,099 [WARN] PackLoader:240 - Cannot read IP mode file for STMicroelectronics.X-CUBE-NFC6.3.1.0
2024-09-28 06:50:28,109 [WARN] PackLoader:240 - Cannot read IP mode file for STMicroelectronics.X-CUBE-DPower.1.2.0
2024-09-28 06:50:28,114 [WARN] PackLoader:240 - Cannot read IP mode file for STMicroelectronics.X-CUBE-AI.9.0.0
2024-09-28 06:50:28,120 [WARN] PackLoader:240 - Cannot read IP mode file for STMicroelectronics.X-CUBE-NFC7.1.0.1
2024-09-28 06:50:28,126 [WARN] PackLoader:240 - Cannot read IP mode file for wolfSSL.I-CUBE-wolfTPM.3.2.0
2024-09-28 06:50:28,153 [WARN] ConditionMgr:438 - getConditionDescription Invalid condition id : LAN8742 Phy interface Condition cause : null
2024-09-28 06:50:28,154 [WARN] PackLoader:240 - Cannot read IP mode file for STMicroelectronics.X-CUBE-AZRTOS-L4.2.0.0
2024-09-28 06:50:28,162 [WARN] ConditionMgr:1039 - genDependencies : Invalid condition id : LAN8742 Phy interface Condition cause : null
2024-09-28 06:50:28,163 [WARN] ConditionMgr:1039 - genDependencies : Invalid condition id : LAN8742 Phy interface Condition cause : null
2024-09-28 06:50:28,163 [WARN] ConditionMgr:1039 - genDependencies : Invalid condition id : LAN8742 Phy interface Condition cause : null
2024-09-28 06:50:28,174 [WARN] PackLoader:240 - Cannot read IP mode file for STMicroelectronics.X-CUBE-SFXS2LP1.4.0.0
2024-09-28 06:50:28,204 [WARN] PackLoader:240 - Cannot read IP mode file for STMicroelectronics.X-CUBE-AZRTOS-H7.3.3.0
2024-09-28 06:50:28,221 [WARN] ConditionMgr:438 - getConditionDescription Invalid condition id : UX DEVICE CLASS RTOS Condition cause : null
2024-09-28 06:50:28,221 [WARN] ConditionMgr:438 - getConditionDescription Invalid condition id : UX DEVICE CLASS RTOS Condition cause : null
2024-09-28 06:50:28,223 [WARN] PackLoader:240 - Cannot read IP mode file for STMicroelectronics.X-CUBE-AZRTOS-WB.2.0.0
2024-09-28 06:50:28,224 [WARN] ConditionMgr:1039 - genDependencies : Invalid condition id : UX DEVICE CLASS RTOS Condition cause : null
2024-09-28 06:50:28,224 [WARN] ConditionMgr:1039 - genDependencies : Invalid condition id : UX DEVICE CLASS RTOS Condition cause : null
2024-09-28 06:50:28,224 [WARN] ConditionMgr:1039 - genDependencies : Invalid condition id : UX DEVICE CLASS RTOS Condition cause : null
2024-09-28 06:50:28,225 [WARN] ConditionMgr:1039 - genDependencies : Invalid condition id : UX DEVICE CLASS RTOS Condition cause : null
2024-09-28 06:50:28,225 [WARN] ConditionMgr:1039 - genDependencies : Invalid condition id : UX DEVICE CLASS RTOS Condition cause : null
2024-09-28 06:50:28,230 [WARN] PackLoader:240 - Cannot read IP mode file for STMicroelectronics.X-CUBE-GNSS1.7.0.0
2024-09-28 06:50:28,236 [WARN] PackLoader:240 - Cannot read IP mode file for STMicroelectronics.FP-SNS-STBOX1.2.0.0
2024-09-28 06:50:28,249 [WARN] PackLoader:240 - Cannot read IP mode file for STMicroelectronics.X-CUBE-SUBG2.5.0.0
2024-09-28 06:50:28,257 [WARN] PackLoader:240 - Cannot read IP mode file for Cesanta.I-CUBE-Mongoose.7.13.0
2024-09-28 06:50:28,271 [WARN] PackLoader:240 - Cannot read IP mode file for STMicroelectronics.X-CUBE-AZRTOS-G4.2.0.0
2024-09-28 06:50:28,276 [WARN] PackLoader:240 - Cannot read IP mode file for STMicroelectronics.X-CUBE-ISPU.2.0.0
2024-09-28 06:50:28,280 [WARN] PackLoader:240 - Cannot read IP mode file for STMicroelectronics.X-CUBE-ALS.1.0.2
2024-09-28 06:50:28,327 [WARN] PackLoader:240 - Cannot read IP mode file for STMicroelectronics.X-CUBE-MEMS1.10.0.0
2024-09-28 06:50:28,453 [WARN] PackLoader:240 - Cannot read IP mode file for STMicroelectronics.X-CUBE-TOUCHGFX.4.24.0
2024-09-28 06:50:28,456 [WARN] PackLoader:240 - Cannot read IP mode file for STMicroelectronics.X-CUBE-TOUCHGFX.4.24.1
2024-09-28 06:50:28,460 [WARN] PackLoader:240 - Cannot read IP mode file for portGmbH.I-Cube-SoM-uGOAL.1.1.0
2024-09-28 06:50:28,464 [WARN] PackLoader:240 - Cannot read IP mode file for STMicroelectronics.X-CUBE-ALS.1.0.1
2024-09-28 06:50:28,483 [WARN] PackLoader:240 - Cannot read IP mode file for STMicroelectronics.X-CUBE-AZRTOS-H7RS.1.0.0
2024-09-28 06:50:28,491 [WARN] PackLoader:240 - Cannot read IP mode file for STMicroelectronics.FP-ATR-ASTRA1.2.0.0
2024-09-28 06:50:28,507 [WARN] PackLoader:240 - Cannot read IP mode file for STMicroelectronics.X-CUBE-TOF1.3.4.2
2024-09-28 06:50:28,532 [WARN] PackLoader:240 - Cannot read IP mode file for STMicroelectronics.X-CUBE-TOF1.3.4.1
2024-09-28 06:50:28,578 [WARN] PackLoader:240 - Cannot read IP mode file for STMicroelectronics.X-CUBE-AZRTOS-H7.3.2.0
2024-09-28 06:50:28,600 [WARN] PackLoader:240 - Cannot read IP mode file for Infineon.AIROC-Wi-Fi-Bluetooth-STM32.1.6.0
2024-09-28 06:50:28,608 [WARN] PackLoader:240 - Cannot read IP mode file for wolfSSL.I-CUBE-wolfSSH.1.4.17
2024-09-28 06:50:28,609 [INFO] ThirdParty:978 - Integrity check success = true
2024-09-28 06:50:28,609 [INFO] IntegrityCheckThread:100 - exiting critical section [integrity check]
2024-09-28 06:50:28,609 [INFO] IntegrityCheckThread:103 - End integrity checks thread
2024-09-28 08:00:09,622 [INFO] WebApp:189 - Connection lost
2024-09-28 08:00:17,600 [INFO] WebApp:186 - Connection restablished
2024-09-28 08:00:19,423 [INFO] WebApp:189 - Connection lost
2024-09-28 08:00:19,564 [INFO] WebApp:186 - Connection restablished
